[17-Oct-2022 14:20:09 UTC] PHP Fatal error:  Uncaught Error: Call to undefined function info() in /Volumes/jfv1_a/workspace/laravel/ransa-archivo/public/index.php:3
Stack trace:
#0 /Users/juan/.composer/vendor/laravel/valet/server.php(234): require()
#1 {main}
  thrown in /Volumes/jfv1_a/workspace/laravel/ransa-archivo/public/index.php on line 3
[17-Oct-2022 14:20:19 UTC] PHP Fatal error:  Uncaught Error: Call to undefined function info() in /Volumes/jfv1_a/workspace/laravel/ransa-archivo/public/index.php:3
Stack trace:
#0 /Users/juan/.composer/vendor/laravel/valet/server.php(234): require()
#1 {main}
  thrown in /Volumes/jfv1_a/workspace/laravel/ransa-archivo/public/index.php on line 3
[17-Oct-2022 23:02:08 UTC] PHP Warning:  require(/Volumes/jfv1_a/workspace/laravel/safe-drive/vendor/composer/../symfony/polyfill-uuid/bootstrap.php): Failed to open stream: No such file or directory in /Volumes/jfv1_a/workspace/laravel/safe-drive/vendor/composer/autoload_real.php on line 55
[17-Oct-2022 23:02:08 UTC] PHP Fatal error:  Uncaught Error: Failed opening required '/Volumes/jfv1_a/workspace/laravel/safe-drive/vendor/composer/../symfony/polyfill-uuid/bootstrap.php' (include_path='.:/usr/local/Cellar/php/8.1.11/share/php/pear') in /Volumes/jfv1_a/workspace/laravel/safe-drive/vendor/composer/autoload_real.php:55
Stack trace:
#0 /Volumes/jfv1_a/workspace/laravel/safe-drive/vendor/composer/autoload_real.php(38): composerRequired1fd19f5680f8986225c3b9af25c5561('09f6b2065668336...', '/Volumes/jfv1_a...')
#1 /Volumes/jfv1_a/workspace/laravel/safe-drive/vendor/autoload.php(12): ComposerAutoloaderInitd1fd19f5680f8986225c3b9af25c5561::getLoader()
#2 Command line code(1): require_once('/Volumes/jfv1_a...')
#3 {main}
  thrown in /Volumes/jfv1_a/workspace/laravel/safe-drive/vendor/composer/autoload_real.php on line 55
[17-Oct-2022 23:02:09 UTC] PHP Warning:  require(/Volumes/jfv1_a/workspace/laravel/safe-drive/vendor/composer/../symfony/polyfill-php80/bootstrap.php): Failed to open stream: No such file or directory in /Volumes/jfv1_a/workspace/laravel/safe-drive/vendor/composer/autoload_real.php on line 55
[17-Oct-2022 23:02:09 UTC] PHP Fatal error:  Uncaught Error: Failed opening required '/Volumes/jfv1_a/workspace/laravel/safe-drive/vendor/composer/../symfony/polyfill-php80/bootstrap.php' (include_path='.:/usr/local/Cellar/php/8.1.11/share/php/pear') in /Volumes/jfv1_a/workspace/laravel/safe-drive/vendor/composer/autoload_real.php:55
Stack trace:
#0 /Volumes/jfv1_a/workspace/laravel/safe-drive/vendor/composer/autoload_real.php(38): composerRequired1fd19f5680f8986225c3b9af25c5561('a4a119a56e50fbb...', '/Volumes/jfv1_a...')
#1 /Volumes/jfv1_a/workspace/laravel/safe-drive/vendor/autoload.php(12): ComposerAutoloaderInitd1fd19f5680f8986225c3b9af25c5561::getLoader()
#2 Command line code(1): require_once('/Volumes/jfv1_a...')
#3 {main}
  thrown in /Volumes/jfv1_a/workspace/laravel/safe-drive/vendor/composer/autoload_real.php on line 55
[17-Oct-2022 23:02:14 UTC] PHP Warning:  require(/Volumes/jfv1_a/workspace/laravel/safe-drive/vendor/composer/../symfony/polyfill-uuid/bootstrap.php): Failed to open stream: No such file or directory in /Volumes/jfv1_a/workspace/laravel/safe-drive/vendor/composer/autoload_real.php on line 55
[17-Oct-2022 23:02:14 UTC] PHP Fatal error:  Uncaught Error: Failed opening required '/Volumes/jfv1_a/workspace/laravel/safe-drive/vendor/composer/../symfony/polyfill-uuid/bootstrap.php' (include_path='.:/usr/local/Cellar/php/8.1.11/share/php/pear') in /Volumes/jfv1_a/workspace/laravel/safe-drive/vendor/composer/autoload_real.php:55
Stack trace:
#0 /Volumes/jfv1_a/workspace/laravel/safe-drive/vendor/composer/autoload_real.php(38): composerRequired1fd19f5680f8986225c3b9af25c5561('09f6b2065668336...', '/Volumes/jfv1_a...')
#1 /Volumes/jfv1_a/workspace/laravel/safe-drive/vendor/autoload.php(12): ComposerAutoloaderInitd1fd19f5680f8986225c3b9af25c5561::getLoader()
#2 Command line code(1): require_once('/Volumes/jfv1_a...')
#3 {main}
  thrown in /Volumes/jfv1_a/workspace/laravel/safe-drive/vendor/composer/autoload_real.php on line 55
[17-Oct-2022 23:02:17 UTC] PHP Warning:  require(/Volumes/jfv1_a/workspace/laravel/safe-drive/vendor/composer/../symfony/polyfill-uuid/bootstrap.php): Failed to open stream: No such file or directory in /Volumes/jfv1_a/workspace/laravel/safe-drive/vendor/composer/autoload_real.php on line 55
[17-Oct-2022 23:02:17 UTC] PHP Fatal error:  Uncaught Error: Failed opening required '/Volumes/jfv1_a/workspace/laravel/safe-drive/vendor/composer/../symfony/polyfill-uuid/bootstrap.php' (include_path='.:/usr/local/Cellar/php/8.1.11/share/php/pear') in /Volumes/jfv1_a/workspace/laravel/safe-drive/vendor/composer/autoload_real.php:55
Stack trace:
#0 /Volumes/jfv1_a/workspace/laravel/safe-drive/vendor/composer/autoload_real.php(38): composerRequired1fd19f5680f8986225c3b9af25c5561('09f6b2065668336...', '/Volumes/jfv1_a...')
#1 /Volumes/jfv1_a/workspace/laravel/safe-drive/vendor/autoload.php(12): ComposerAutoloaderInitd1fd19f5680f8986225c3b9af25c5561::getLoader()
#2 Command line code(1): require_once('/Volumes/jfv1_a...')
#3 {main}
  thrown in /Volumes/jfv1_a/workspace/laravel/safe-drive/vendor/composer/autoload_real.php on line 55
[17-Oct-2022 23:02:17 UTC] PHP Warning:  require(/Volumes/jfv1_a/workspace/laravel/safe-drive/vendor/composer/../symfony/polyfill-uuid/bootstrap.php): Failed to open stream: No such file or directory in /Volumes/jfv1_a/workspace/laravel/safe-drive/vendor/composer/autoload_real.php on line 55
[17-Oct-2022 23:02:17 UTC] PHP Fatal error:  Uncaught Error: Failed opening required '/Volumes/jfv1_a/workspace/laravel/safe-drive/vendor/composer/../symfony/polyfill-uuid/bootstrap.php' (include_path='.:/usr/local/Cellar/php/8.1.11/share/php/pear') in /Volumes/jfv1_a/workspace/laravel/safe-drive/vendor/composer/autoload_real.php:55
Stack trace:
#0 /Volumes/jfv1_a/workspace/laravel/safe-drive/vendor/composer/autoload_real.php(38): composerRequired1fd19f5680f8986225c3b9af25c5561('09f6b2065668336...', '/Volumes/jfv1_a...')
#1 /Volumes/jfv1_a/workspace/laravel/safe-drive/vendor/autoload.php(12): ComposerAutoloaderInitd1fd19f5680f8986225c3b9af25c5561::getLoader()
#2 Command line code(1): require_once('/Volumes/jfv1_a...')
#3 {main}
  thrown in /Volumes/jfv1_a/workspace/laravel/safe-drive/vendor/composer/autoload_real.php on line 55
[17-Oct-2022 23:02:19 UTC] PHP Warning:  require(/Volumes/jfv1_a/workspace/laravel/safe-drive/vendor/composer/../symfony/polyfill-uuid/bootstrap.php): Failed to open stream: No such file or directory in /Volumes/jfv1_a/workspace/laravel/safe-drive/vendor/composer/autoload_real.php on line 55
[17-Oct-2022 23:02:19 UTC] PHP Fatal error:  Uncaught Error: Failed opening required '/Volumes/jfv1_a/workspace/laravel/safe-drive/vendor/composer/../symfony/polyfill-uuid/bootstrap.php' (include_path='.:/usr/local/Cellar/php/8.1.11/share/php/pear') in /Volumes/jfv1_a/workspace/laravel/safe-drive/vendor/composer/autoload_real.php:55
Stack trace:
#0 /Volumes/jfv1_a/workspace/laravel/safe-drive/vendor/composer/autoload_real.php(38): composerRequired1fd19f5680f8986225c3b9af25c5561('09f6b2065668336...', '/Volumes/jfv1_a...')
#1 /Volumes/jfv1_a/workspace/laravel/safe-drive/vendor/autoload.php(12): ComposerAutoloaderInitd1fd19f5680f8986225c3b9af25c5561::getLoader()
#2 Command line code(1): require_once('/Volumes/jfv1_a...')
#3 {main}
  thrown in /Volumes/jfv1_a/workspace/laravel/safe-drive/vendor/composer/autoload_real.php on line 55
[17-Oct-2022 23:02:22 UTC] PHP Warning:  require(/Volumes/jfv1_a/workspace/laravel/safe-drive/vendor/composer/../symfony/polyfill-uuid/bootstrap.php): Failed to open stream: No such file or directory in /Volumes/jfv1_a/workspace/laravel/safe-drive/vendor/composer/autoload_real.php on line 55
[17-Oct-2022 23:02:22 UTC] PHP Fatal error:  Uncaught Error: Failed opening required '/Volumes/jfv1_a/workspace/laravel/safe-drive/vendor/composer/../symfony/polyfill-uuid/bootstrap.php' (include_path='.:/usr/local/Cellar/php/8.1.11/share/php/pear') in /Volumes/jfv1_a/workspace/laravel/safe-drive/vendor/composer/autoload_real.php:55
Stack trace:
#0 /Volumes/jfv1_a/workspace/laravel/safe-drive/vendor/composer/autoload_real.php(38): composerRequired1fd19f5680f8986225c3b9af25c5561('09f6b2065668336...', '/Volumes/jfv1_a...')
#1 /Volumes/jfv1_a/workspace/laravel/safe-drive/vendor/autoload.php(12): ComposerAutoloaderInitd1fd19f5680f8986225c3b9af25c5561::getLoader()
#2 Command line code(1): require_once('/Volumes/jfv1_a...')
#3 {main}
  thrown in /Volumes/jfv1_a/workspace/laravel/safe-drive/vendor/composer/autoload_real.php on line 55
[17-Oct-2022 23:02:24 UTC] PHP Warning:  require(/Volumes/jfv1_a/workspace/laravel/safe-drive/vendor/composer/../clue/stream-filter/src/functions_include.php): Failed to open stream: No such file or directory in /Volumes/jfv1_a/workspace/laravel/safe-drive/vendor/composer/autoload_real.php on line 55
[17-Oct-2022 23:02:24 UTC] PHP Fatal error:  Uncaught Error: Failed opening required '/Volumes/jfv1_a/workspace/laravel/safe-drive/vendor/composer/../clue/stream-filter/src/functions_include.php' (include_path='.:/usr/local/Cellar/php/8.1.11/share/php/pear') in /Volumes/jfv1_a/workspace/laravel/safe-drive/vendor/composer/autoload_real.php:55
Stack trace:
#0 /Volumes/jfv1_a/workspace/laravel/safe-drive/vendor/composer/autoload_real.php(38): composerRequired1fd19f5680f8986225c3b9af25c5561('9c67151ae59aff4...', '/Volumes/jfv1_a...')
#1 /Volumes/jfv1_a/workspace/laravel/safe-drive/vendor/autoload.php(12): ComposerAutoloaderInitd1fd19f5680f8986225c3b9af25c5561::getLoader()
#2 Command line code(1): require_once('/Volumes/jfv1_a...')
#3 {main}
  thrown in /Volumes/jfv1_a/workspace/laravel/safe-drive/vendor/composer/autoload_real.php on line 55
[17-Oct-2022 23:02:24 UTC] PHP Warning:  require(/Volumes/jfv1_a/workspace/laravel/safe-drive/vendor/composer/../clue/stream-filter/src/functions_include.php): Failed to open stream: No such file or directory in /Volumes/jfv1_a/workspace/laravel/safe-drive/vendor/composer/autoload_real.php on line 55
[17-Oct-2022 23:02:24 UTC] PHP Fatal error:  Uncaught Error: Failed opening required '/Volumes/jfv1_a/workspace/laravel/safe-drive/vendor/composer/../clue/stream-filter/src/functions_include.php' (include_path='.:/usr/local/Cellar/php/8.1.11/share/php/pear') in /Volumes/jfv1_a/workspace/laravel/safe-drive/vendor/composer/autoload_real.php:55
Stack trace:
#0 /Volumes/jfv1_a/workspace/laravel/safe-drive/vendor/composer/autoload_real.php(38): composerRequired1fd19f5680f8986225c3b9af25c5561('9c67151ae59aff4...', '/Volumes/jfv1_a...')
#1 /Volumes/jfv1_a/workspace/laravel/safe-drive/vendor/autoload.php(12): ComposerAutoloaderInitd1fd19f5680f8986225c3b9af25c5561::getLoader()
#2 Command line code(1): require_once('/Volumes/jfv1_a...')
#3 {main}
  thrown in /Volumes/jfv1_a/workspace/laravel/safe-drive/vendor/composer/autoload_real.php on line 55
[17-Oct-2022 23:02:25 UTC] PHP Warning:  require(/Volumes/jfv1_a/workspace/laravel/safe-drive/vendor/composer/../clue/stream-filter/src/functions_include.php): Failed to open stream: No such file or directory in /Volumes/jfv1_a/workspace/laravel/safe-drive/vendor/composer/autoload_real.php on line 55
[17-Oct-2022 23:02:25 UTC] PHP Fatal error:  Uncaught Error: Failed opening required '/Volumes/jfv1_a/workspace/laravel/safe-drive/vendor/composer/../clue/stream-filter/src/functions_include.php' (include_path='.:/usr/local/Cellar/php/8.1.11/share/php/pear') in /Volumes/jfv1_a/workspace/laravel/safe-drive/vendor/composer/autoload_real.php:55
Stack trace:
#0 /Volumes/jfv1_a/workspace/laravel/safe-drive/vendor/composer/autoload_real.php(38): composerRequired1fd19f5680f8986225c3b9af25c5561('9c67151ae59aff4...', '/Volumes/jfv1_a...')
#1 /Volumes/jfv1_a/workspace/laravel/safe-drive/vendor/autoload.php(12): ComposerAutoloaderInitd1fd19f5680f8986225c3b9af25c5561::getLoader()
#2 Command line code(1): require_once('/Volumes/jfv1_a...')
#3 {main}
  thrown in /Volumes/jfv1_a/workspace/laravel/safe-drive/vendor/composer/autoload_real.php on line 55
[17-Oct-2022 23:02:26 UTC] PHP Warning:  require(/Volumes/jfv1_a/workspace/laravel/safe-drive/vendor/composer/../symfony/polyfill-uuid/bootstrap.php): Failed to open stream: No such file or directory in /Volumes/jfv1_a/workspace/laravel/safe-drive/vendor/composer/autoload_real.php on line 55
[17-Oct-2022 23:02:26 UTC] PHP Fatal error:  Uncaught Error: Failed opening required '/Volumes/jfv1_a/workspace/laravel/safe-drive/vendor/composer/../symfony/polyfill-uuid/bootstrap.php' (include_path='.:/usr/local/Cellar/php/8.1.11/share/php/pear') in /Volumes/jfv1_a/workspace/laravel/safe-drive/vendor/composer/autoload_real.php:55
Stack trace:
#0 /Volumes/jfv1_a/workspace/laravel/safe-drive/vendor/composer/autoload_real.php(38): composerRequired1fd19f5680f8986225c3b9af25c5561('09f6b2065668336...', '/Volumes/jfv1_a...')
#1 /Volumes/jfv1_a/workspace/laravel/safe-drive/vendor/autoload.php(12): ComposerAutoloaderInitd1fd19f5680f8986225c3b9af25c5561::getLoader()
#2 Command line code(1): require_once('/Volumes/jfv1_a...')
#3 {main}
  thrown in /Volumes/jfv1_a/workspace/laravel/safe-drive/vendor/composer/autoload_real.php on line 55
[17-Oct-2022 23:02:26 UTC] PHP Warning:  require(/Volumes/jfv1_a/workspace/laravel/safe-drive/vendor/composer/../symfony/polyfill-uuid/bootstrap.php): Failed to open stream: No such file or directory in /Volumes/jfv1_a/workspace/laravel/safe-drive/vendor/composer/autoload_real.php on line 55
[17-Oct-2022 23:02:26 UTC] PHP Fatal error:  Uncaught Error: Failed opening required '/Volumes/jfv1_a/workspace/laravel/safe-drive/vendor/composer/../symfony/polyfill-uuid/bootstrap.php' (include_path='.:/usr/local/Cellar/php/8.1.11/share/php/pear') in /Volumes/jfv1_a/workspace/laravel/safe-drive/vendor/composer/autoload_real.php:55
Stack trace:
#0 /Volumes/jfv1_a/workspace/laravel/safe-drive/vendor/composer/autoload_real.php(38): composerRequired1fd19f5680f8986225c3b9af25c5561('09f6b2065668336...', '/Volumes/jfv1_a...')
#1 /Volumes/jfv1_a/workspace/laravel/safe-drive/vendor/autoload.php(12): ComposerAutoloaderInitd1fd19f5680f8986225c3b9af25c5561::getLoader()
#2 Command line code(1): require_once('/Volumes/jfv1_a...')
#3 {main}
  thrown in /Volumes/jfv1_a/workspace/laravel/safe-drive/vendor/composer/autoload_real.php on line 55
[17-Oct-2022 23:02:27 UTC] PHP Warning:  require(/Volumes/jfv1_a/workspace/laravel/safe-drive/vendor/composer/../symfony/polyfill-uuid/bootstrap.php): Failed to open stream: No such file or directory in /Volumes/jfv1_a/workspace/laravel/safe-drive/vendor/composer/autoload_real.php on line 55
[17-Oct-2022 23:02:27 UTC] PHP Fatal error:  Uncaught Error: Failed opening required '/Volumes/jfv1_a/workspace/laravel/safe-drive/vendor/composer/../symfony/polyfill-uuid/bootstrap.php' (include_path='.:/usr/local/Cellar/php/8.1.11/share/php/pear') in /Volumes/jfv1_a/workspace/laravel/safe-drive/vendor/composer/autoload_real.php:55
Stack trace:
#0 /Volumes/jfv1_a/workspace/laravel/safe-drive/vendor/composer/autoload_real.php(38): composerRequired1fd19f5680f8986225c3b9af25c5561('09f6b2065668336...', '/Volumes/jfv1_a...')
#1 /Volumes/jfv1_a/workspace/laravel/safe-drive/vendor/autoload.php(12): ComposerAutoloaderInitd1fd19f5680f8986225c3b9af25c5561::getLoader()
#2 Command line code(1): require_once('/Volumes/jfv1_a...')
#3 {main}
  thrown in /Volumes/jfv1_a/workspace/laravel/safe-drive/vendor/composer/autoload_real.php on line 55
[17-Oct-2022 23:02:28 UTC] PHP Warning:  require(/Volumes/jfv1_a/workspace/laravel/safe-drive/vendor/composer/../symfony/polyfill-uuid/bootstrap.php): Failed to open stream: No such file or directory in /Volumes/jfv1_a/workspace/laravel/safe-drive/vendor/composer/autoload_real.php on line 55
[17-Oct-2022 23:02:28 UTC] PHP Fatal error:  Uncaught Error: Failed opening required '/Volumes/jfv1_a/workspace/laravel/safe-drive/vendor/composer/../symfony/polyfill-uuid/bootstrap.php' (include_path='.:/usr/local/Cellar/php/8.1.11/share/php/pear') in /Volumes/jfv1_a/workspace/laravel/safe-drive/vendor/composer/autoload_real.php:55
Stack trace:
#0 /Volumes/jfv1_a/workspace/laravel/safe-drive/vendor/composer/autoload_real.php(38): composerRequired1fd19f5680f8986225c3b9af25c5561('09f6b2065668336...', '/Volumes/jfv1_a...')
#1 /Volumes/jfv1_a/workspace/laravel/safe-drive/vendor/autoload.php(12): ComposerAutoloaderInitd1fd19f5680f8986225c3b9af25c5561::getLoader()
#2 Command line code(1): require_once('/Volumes/jfv1_a...')
#3 {main}
  thrown in /Volumes/jfv1_a/workspace/laravel/safe-drive/vendor/composer/autoload_real.php on line 55
[17-Oct-2022 23:02:29 UTC] PHP Warning:  require(/Volumes/jfv1_a/workspace/laravel/safe-drive/vendor/composer/../symfony/polyfill-uuid/bootstrap.php): Failed to open stream: No such file or directory in /Volumes/jfv1_a/workspace/laravel/safe-drive/vendor/composer/autoload_real.php on line 55
[17-Oct-2022 23:02:29 UTC] PHP Fatal error:  Uncaught Error: Failed opening required '/Volumes/jfv1_a/workspace/laravel/safe-drive/vendor/composer/../symfony/polyfill-uuid/bootstrap.php' (include_path='.:/usr/local/Cellar/php/8.1.11/share/php/pear') in /Volumes/jfv1_a/workspace/laravel/safe-drive/vendor/composer/autoload_real.php:55
Stack trace:
#0 /Volumes/jfv1_a/workspace/laravel/safe-drive/vendor/composer/autoload_real.php(38): composerRequired1fd19f5680f8986225c3b9af25c5561('09f6b2065668336...', '/Volumes/jfv1_a...')
#1 /Volumes/jfv1_a/workspace/laravel/safe-drive/vendor/autoload.php(12): ComposerAutoloaderInitd1fd19f5680f8986225c3b9af25c5561::getLoader()
#2 Command line code(1): require_once('/Volumes/jfv1_a...')
#3 {main}
  thrown in /Volumes/jfv1_a/workspace/laravel/safe-drive/vendor/composer/autoload_real.php on line 55
[17-Oct-2022 23:02:29 UTC] PHP Warning:  require(/Volumes/jfv1_a/workspace/laravel/safe-drive/vendor/composer/../symfony/polyfill-uuid/bootstrap.php): Failed to open stream: No such file or directory in /Volumes/jfv1_a/workspace/laravel/safe-drive/vendor/composer/autoload_real.php on line 55
[17-Oct-2022 23:02:29 UTC] PHP Fatal error:  Uncaught Error: Failed opening required '/Volumes/jfv1_a/workspace/laravel/safe-drive/vendor/composer/../symfony/polyfill-uuid/bootstrap.php' (include_path='.:/usr/local/Cellar/php/8.1.11/share/php/pear') in /Volumes/jfv1_a/workspace/laravel/safe-drive/vendor/composer/autoload_real.php:55
Stack trace:
#0 /Volumes/jfv1_a/workspace/laravel/safe-drive/vendor/composer/autoload_real.php(38): composerRequired1fd19f5680f8986225c3b9af25c5561('09f6b2065668336...', '/Volumes/jfv1_a...')
#1 /Volumes/jfv1_a/workspace/laravel/safe-drive/vendor/autoload.php(12): ComposerAutoloaderInitd1fd19f5680f8986225c3b9af25c5561::getLoader()
#2 Command line code(1): require_once('/Volumes/jfv1_a...')
#3 {main}
  thrown in /Volumes/jfv1_a/workspace/laravel/safe-drive/vendor/composer/autoload_real.php on line 55
[17-Oct-2022 23:02:29 UTC] PHP Warning:  require(/Volumes/jfv1_a/workspace/laravel/safe-drive/vendor/composer/../symfony/polyfill-uuid/bootstrap.php): Failed to open stream: No such file or directory in /Volumes/jfv1_a/workspace/laravel/safe-drive/vendor/composer/autoload_real.php on line 55
[17-Oct-2022 23:02:29 UTC] PHP Fatal error:  Uncaught Error: Failed opening required '/Volumes/jfv1_a/workspace/laravel/safe-drive/vendor/composer/../symfony/polyfill-uuid/bootstrap.php' (include_path='.:/usr/local/Cellar/php/8.1.11/share/php/pear') in /Volumes/jfv1_a/workspace/laravel/safe-drive/vendor/composer/autoload_real.php:55
Stack trace:
#0 /Volumes/jfv1_a/workspace/laravel/safe-drive/vendor/composer/autoload_real.php(38): composerRequired1fd19f5680f8986225c3b9af25c5561('09f6b2065668336...', '/Volumes/jfv1_a...')
#1 /Volumes/jfv1_a/workspace/laravel/safe-drive/vendor/autoload.php(12): ComposerAutoloaderInitd1fd19f5680f8986225c3b9af25c5561::getLoader()
#2 Command line code(1): require_once('/Volumes/jfv1_a...')
#3 {main}
  thrown in /Volumes/jfv1_a/workspace/laravel/safe-drive/vendor/composer/autoload_real.php on line 55
[17-Oct-2022 23:02:30 UTC] PHP Warning:  require(/Volumes/jfv1_a/workspace/laravel/safe-drive/vendor/composer/../symfony/polyfill-uuid/bootstrap.php): Failed to open stream: No such file or directory in /Volumes/jfv1_a/workspace/laravel/safe-drive/vendor/composer/autoload_real.php on line 55
[17-Oct-2022 23:02:30 UTC] PHP Fatal error:  Uncaught Error: Failed opening required '/Volumes/jfv1_a/workspace/laravel/safe-drive/vendor/composer/../symfony/polyfill-uuid/bootstrap.php' (include_path='.:/usr/local/Cellar/php/8.1.11/share/php/pear') in /Volumes/jfv1_a/workspace/laravel/safe-drive/vendor/composer/autoload_real.php:55
Stack trace:
#0 /Volumes/jfv1_a/workspace/laravel/safe-drive/vendor/composer/autoload_real.php(38): composerRequired1fd19f5680f8986225c3b9af25c5561('09f6b2065668336...', '/Volumes/jfv1_a...')
#1 /Volumes/jfv1_a/workspace/laravel/safe-drive/vendor/autoload.php(12): ComposerAutoloaderInitd1fd19f5680f8986225c3b9af25c5561::getLoader()
#2 Command line code(1): require_once('/Volumes/jfv1_a...')
#3 {main}
  thrown in /Volumes/jfv1_a/workspace/laravel/safe-drive/vendor/composer/autoload_real.php on line 55
[17-Oct-2022 23:02:30 UTC] PHP Warning:  require(/Volumes/jfv1_a/workspace/laravel/safe-drive/vendor/composer/../symfony/polyfill-uuid/bootstrap.php): Failed to open stream: No such file or directory in /Volumes/jfv1_a/workspace/laravel/safe-drive/vendor/composer/autoload_real.php on line 55
[17-Oct-2022 23:02:30 UTC] PHP Fatal error:  Uncaught Error: Failed opening required '/Volumes/jfv1_a/workspace/laravel/safe-drive/vendor/composer/../symfony/polyfill-uuid/bootstrap.php' (include_path='.:/usr/local/Cellar/php/8.1.11/share/php/pear') in /Volumes/jfv1_a/workspace/laravel/safe-drive/vendor/composer/autoload_real.php:55
Stack trace:
#0 /Volumes/jfv1_a/workspace/laravel/safe-drive/vendor/composer/autoload_real.php(38): composerRequired1fd19f5680f8986225c3b9af25c5561('09f6b2065668336...', '/Volumes/jfv1_a...')
#1 /Volumes/jfv1_a/workspace/laravel/safe-drive/vendor/autoload.php(12): ComposerAutoloaderInitd1fd19f5680f8986225c3b9af25c5561::getLoader()
#2 Command line code(1): require_once('/Volumes/jfv1_a...')
#3 {main}
  thrown in /Volumes/jfv1_a/workspace/laravel/safe-drive/vendor/composer/autoload_real.php on line 55
[17-Oct-2022 23:02:30 UTC] PHP Warning:  require(/Volumes/jfv1_a/workspace/laravel/safe-drive/vendor/composer/../symfony/polyfill-uuid/bootstrap.php): Failed to open stream: No such file or directory in /Volumes/jfv1_a/workspace/laravel/safe-drive/vendor/composer/autoload_real.php on line 55
[17-Oct-2022 23:02:30 UTC] PHP Fatal error:  Uncaught Error: Failed opening required '/Volumes/jfv1_a/workspace/laravel/safe-drive/vendor/composer/../symfony/polyfill-uuid/bootstrap.php' (include_path='.:/usr/local/Cellar/php/8.1.11/share/php/pear') in /Volumes/jfv1_a/workspace/laravel/safe-drive/vendor/composer/autoload_real.php:55
Stack trace:
#0 /Volumes/jfv1_a/workspace/laravel/safe-drive/vendor/composer/autoload_real.php(38): composerRequired1fd19f5680f8986225c3b9af25c5561('09f6b2065668336...', '/Volumes/jfv1_a...')
#1 /Volumes/jfv1_a/workspace/laravel/safe-drive/vendor/autoload.php(12): ComposerAutoloaderInitd1fd19f5680f8986225c3b9af25c5561::getLoader()
#2 Command line code(1): require_once('/Volumes/jfv1_a...')
#3 {main}
  thrown in /Volumes/jfv1_a/workspace/laravel/safe-drive/vendor/composer/autoload_real.php on line 55
[17-Oct-2022 23:02:31 UTC] PHP Warning:  require(/Volumes/jfv1_a/workspace/laravel/safe-drive/vendor/composer/../symfony/polyfill-uuid/bootstrap.php): Failed to open stream: No such file or directory in /Volumes/jfv1_a/workspace/laravel/safe-drive/vendor/composer/autoload_real.php on line 55
[17-Oct-2022 23:02:31 UTC] PHP Fatal error:  Uncaught Error: Failed opening required '/Volumes/jfv1_a/workspace/laravel/safe-drive/vendor/composer/../symfony/polyfill-uuid/bootstrap.php' (include_path='.:/usr/local/Cellar/php/8.1.11/share/php/pear') in /Volumes/jfv1_a/workspace/laravel/safe-drive/vendor/composer/autoload_real.php:55
Stack trace:
#0 /Volumes/jfv1_a/workspace/laravel/safe-drive/vendor/composer/autoload_real.php(38): composerRequired1fd19f5680f8986225c3b9af25c5561('09f6b2065668336...', '/Volumes/jfv1_a...')
#1 /Volumes/jfv1_a/workspace/laravel/safe-drive/vendor/autoload.php(12): ComposerAutoloaderInitd1fd19f5680f8986225c3b9af25c5561::getLoader()
#2 Command line code(1): require_once('/Volumes/jfv1_a...')
#3 {main}
  thrown in /Volumes/jfv1_a/workspace/laravel/safe-drive/vendor/composer/autoload_real.php on line 55
[17-Oct-2022 23:02:31 UTC] PHP Warning:  require(/Volumes/jfv1_a/workspace/laravel/safe-drive/vendor/composer/../symfony/polyfill-uuid/bootstrap.php): Failed to open stream: No such file or directory in /Volumes/jfv1_a/workspace/laravel/safe-drive/vendor/composer/autoload_real.php on line 55
[17-Oct-2022 23:02:31 UTC] PHP Fatal error:  Uncaught Error: Failed opening required '/Volumes/jfv1_a/workspace/laravel/safe-drive/vendor/composer/../symfony/polyfill-uuid/bootstrap.php' (include_path='.:/usr/local/Cellar/php/8.1.11/share/php/pear') in /Volumes/jfv1_a/workspace/laravel/safe-drive/vendor/composer/autoload_real.php:55
Stack trace:
#0 /Volumes/jfv1_a/workspace/laravel/safe-drive/vendor/composer/autoload_real.php(38): composerRequired1fd19f5680f8986225c3b9af25c5561('09f6b2065668336...', '/Volumes/jfv1_a...')
#1 /Volumes/jfv1_a/workspace/laravel/safe-drive/vendor/autoload.php(12): ComposerAutoloaderInitd1fd19f5680f8986225c3b9af25c5561::getLoader()
#2 Command line code(1): require_once('/Volumes/jfv1_a...')
#3 {main}
  thrown in /Volumes/jfv1_a/workspace/laravel/safe-drive/vendor/composer/autoload_real.php on line 55
[17-Oct-2022 23:02:32 UTC] PHP Warning:  require(/Volumes/jfv1_a/workspace/laravel/safe-drive/vendor/composer/../symfony/polyfill-uuid/bootstrap.php): Failed to open stream: No such file or directory in /Volumes/jfv1_a/workspace/laravel/safe-drive/vendor/composer/autoload_real.php on line 55
[17-Oct-2022 23:02:32 UTC] PHP Fatal error:  Uncaught Error: Failed opening required '/Volumes/jfv1_a/workspace/laravel/safe-drive/vendor/composer/../symfony/polyfill-uuid/bootstrap.php' (include_path='.:/usr/local/Cellar/php/8.1.11/share/php/pear') in /Volumes/jfv1_a/workspace/laravel/safe-drive/vendor/composer/autoload_real.php:55
Stack trace:
#0 /Volumes/jfv1_a/workspace/laravel/safe-drive/vendor/composer/autoload_real.php(38): composerRequired1fd19f5680f8986225c3b9af25c5561('09f6b2065668336...', '/Volumes/jfv1_a...')
#1 /Volumes/jfv1_a/workspace/laravel/safe-drive/vendor/autoload.php(12): ComposerAutoloaderInitd1fd19f5680f8986225c3b9af25c5561::getLoader()
#2 Command line code(1): require_once('/Volumes/jfv1_a...')
#3 {main}
  thrown in /Volumes/jfv1_a/workspace/laravel/safe-drive/vendor/composer/autoload_real.php on line 55
[17-Oct-2022 23:02:34 UTC] PHP Warning:  require(/Volumes/jfv1_a/workspace/laravel/safe-drive/vendor/composer/../symfony/polyfill-uuid/bootstrap.php): Failed to open stream: No such file or directory in /Volumes/jfv1_a/workspace/laravel/safe-drive/vendor/composer/autoload_real.php on line 55
[17-Oct-2022 23:02:34 UTC] PHP Fatal error:  Uncaught Error: Failed opening required '/Volumes/jfv1_a/workspace/laravel/safe-drive/vendor/composer/../symfony/polyfill-uuid/bootstrap.php' (include_path='.:/usr/local/Cellar/php/8.1.11/share/php/pear') in /Volumes/jfv1_a/workspace/laravel/safe-drive/vendor/composer/autoload_real.php:55
Stack trace:
#0 /Volumes/jfv1_a/workspace/laravel/safe-drive/vendor/composer/autoload_real.php(38): composerRequired1fd19f5680f8986225c3b9af25c5561('09f6b2065668336...', '/Volumes/jfv1_a...')
#1 /Volumes/jfv1_a/workspace/laravel/safe-drive/vendor/autoload.php(12): ComposerAutoloaderInitd1fd19f5680f8986225c3b9af25c5561::getLoader()
#2 Command line code(1): require_once('/Volumes/jfv1_a...')
#3 {main}
  thrown in /Volumes/jfv1_a/workspace/laravel/safe-drive/vendor/composer/autoload_real.php on line 55
[17-Oct-2022 23:02:34 UTC] PHP Warning:  require(/Volumes/jfv1_a/workspace/laravel/safe-drive/vendor/composer/../symfony/polyfill-uuid/bootstrap.php): Failed to open stream: No such file or directory in /Volumes/jfv1_a/workspace/laravel/safe-drive/vendor/composer/autoload_real.php on line 55
[17-Oct-2022 23:02:34 UTC] PHP Fatal error:  Uncaught Error: Failed opening required '/Volumes/jfv1_a/workspace/laravel/safe-drive/vendor/composer/../symfony/polyfill-uuid/bootstrap.php' (include_path='.:/usr/local/Cellar/php/8.1.11/share/php/pear') in /Volumes/jfv1_a/workspace/laravel/safe-drive/vendor/composer/autoload_real.php:55
Stack trace:
#0 /Volumes/jfv1_a/workspace/laravel/safe-drive/vendor/composer/autoload_real.php(38): composerRequired1fd19f5680f8986225c3b9af25c5561('09f6b2065668336...', '/Volumes/jfv1_a...')
#1 /Volumes/jfv1_a/workspace/laravel/safe-drive/vendor/autoload.php(12): ComposerAutoloaderInitd1fd19f5680f8986225c3b9af25c5561::getLoader()
#2 Command line code(1): require_once('/Volumes/jfv1_a...')
#3 {main}
  thrown in /Volumes/jfv1_a/workspace/laravel/safe-drive/vendor/composer/autoload_real.php on line 55
[17-Oct-2022 23:02:34 UTC] PHP Warning:  require(/Volumes/jfv1_a/workspace/laravel/safe-drive/vendor/composer/../symfony/polyfill-uuid/bootstrap.php): Failed to open stream: No such file or directory in /Volumes/jfv1_a/workspace/laravel/safe-drive/vendor/composer/autoload_real.php on line 55
[17-Oct-2022 23:02:34 UTC] PHP Fatal error:  Uncaught Error: Failed opening required '/Volumes/jfv1_a/workspace/laravel/safe-drive/vendor/composer/../symfony/polyfill-uuid/bootstrap.php' (include_path='.:/usr/local/Cellar/php/8.1.11/share/php/pear') in /Volumes/jfv1_a/workspace/laravel/safe-drive/vendor/composer/autoload_real.php:55
Stack trace:
#0 /Volumes/jfv1_a/workspace/laravel/safe-drive/vendor/composer/autoload_real.php(38): composerRequired1fd19f5680f8986225c3b9af25c5561('09f6b2065668336...', '/Volumes/jfv1_a...')
#1 /Volumes/jfv1_a/workspace/laravel/safe-drive/vendor/autoload.php(12): ComposerAutoloaderInitd1fd19f5680f8986225c3b9af25c5561::getLoader()
#2 Command line code(1): require_once('/Volumes/jfv1_a...')
#3 {main}
  thrown in /Volumes/jfv1_a/workspace/laravel/safe-drive/vendor/composer/autoload_real.php on line 55
[17-Oct-2022 23:02:35 UTC] PHP Warning:  require(/Volumes/jfv1_a/workspace/laravel/safe-drive/vendor/composer/../symfony/polyfill-uuid/bootstrap.php): Failed to open stream: No such file or directory in /Volumes/jfv1_a/workspace/laravel/safe-drive/vendor/composer/autoload_real.php on line 55
[17-Oct-2022 23:02:35 UTC] PHP Fatal error:  Uncaught Error: Failed opening required '/Volumes/jfv1_a/workspace/laravel/safe-drive/vendor/composer/../symfony/polyfill-uuid/bootstrap.php' (include_path='.:/usr/local/Cellar/php/8.1.11/share/php/pear') in /Volumes/jfv1_a/workspace/laravel/safe-drive/vendor/composer/autoload_real.php:55
Stack trace:
#0 /Volumes/jfv1_a/workspace/laravel/safe-drive/vendor/composer/autoload_real.php(38): composerRequired1fd19f5680f8986225c3b9af25c5561('09f6b2065668336...', '/Volumes/jfv1_a...')
#1 /Volumes/jfv1_a/workspace/laravel/safe-drive/vendor/autoload.php(12): ComposerAutoloaderInitd1fd19f5680f8986225c3b9af25c5561::getLoader()
#2 Command line code(1): require_once('/Volumes/jfv1_a...')
#3 {main}
  thrown in /Volumes/jfv1_a/workspace/laravel/safe-drive/vendor/composer/autoload_real.php on line 55
[17-Oct-2022 23:02:35 UTC] PHP Warning:  require(/Volumes/jfv1_a/workspace/laravel/safe-drive/vendor/composer/../symfony/polyfill-uuid/bootstrap.php): Failed to open stream: No such file or directory in /Volumes/jfv1_a/workspace/laravel/safe-drive/vendor/composer/autoload_real.php on line 55
[17-Oct-2022 23:02:35 UTC] PHP Fatal error:  Uncaught Error: Failed opening required '/Volumes/jfv1_a/workspace/laravel/safe-drive/vendor/composer/../symfony/polyfill-uuid/bootstrap.php' (include_path='.:/usr/local/Cellar/php/8.1.11/share/php/pear') in /Volumes/jfv1_a/workspace/laravel/safe-drive/vendor/composer/autoload_real.php:55
Stack trace:
#0 /Volumes/jfv1_a/workspace/laravel/safe-drive/vendor/composer/autoload_real.php(38): composerRequired1fd19f5680f8986225c3b9af25c5561('09f6b2065668336...', '/Volumes/jfv1_a...')
#1 /Volumes/jfv1_a/workspace/laravel/safe-drive/vendor/autoload.php(12): ComposerAutoloaderInitd1fd19f5680f8986225c3b9af25c5561::getLoader()
#2 Command line code(1): require_once('/Volumes/jfv1_a...')
#3 {main}
  thrown in /Volumes/jfv1_a/workspace/laravel/safe-drive/vendor/composer/autoload_real.php on line 55
[17-Oct-2022 23:02:36 UTC] PHP Warning:  require(/Volumes/jfv1_a/workspace/laravel/safe-drive/vendor/composer/../symfony/polyfill-uuid/bootstrap.php): Failed to open stream: No such file or directory in /Volumes/jfv1_a/workspace/laravel/safe-drive/vendor/composer/autoload_real.php on line 55
[17-Oct-2022 23:02:36 UTC] PHP Fatal error:  Uncaught Error: Failed opening required '/Volumes/jfv1_a/workspace/laravel/safe-drive/vendor/composer/../symfony/polyfill-uuid/bootstrap.php' (include_path='.:/usr/local/Cellar/php/8.1.11/share/php/pear') in /Volumes/jfv1_a/workspace/laravel/safe-drive/vendor/composer/autoload_real.php:55
Stack trace:
#0 /Volumes/jfv1_a/workspace/laravel/safe-drive/vendor/composer/autoload_real.php(38): composerRequired1fd19f5680f8986225c3b9af25c5561('09f6b2065668336...', '/Volumes/jfv1_a...')
#1 /Volumes/jfv1_a/workspace/laravel/safe-drive/vendor/autoload.php(12): ComposerAutoloaderInitd1fd19f5680f8986225c3b9af25c5561::getLoader()
#2 Command line code(1): require_once('/Volumes/jfv1_a...')
#3 {main}
  thrown in /Volumes/jfv1_a/workspace/laravel/safe-drive/vendor/composer/autoload_real.php on line 55
[17-Oct-2022 23:02:36 UTC] PHP Warning:  require(/Volumes/jfv1_a/workspace/laravel/safe-drive/vendor/composer/../symfony/polyfill-uuid/bootstrap.php): Failed to open stream: No such file or directory in /Volumes/jfv1_a/workspace/laravel/safe-drive/vendor/composer/autoload_real.php on line 55
[17-Oct-2022 23:02:36 UTC] PHP Fatal error:  Uncaught Error: Failed opening required '/Volumes/jfv1_a/workspace/laravel/safe-drive/vendor/composer/../symfony/polyfill-uuid/bootstrap.php' (include_path='.:/usr/local/Cellar/php/8.1.11/share/php/pear') in /Volumes/jfv1_a/workspace/laravel/safe-drive/vendor/composer/autoload_real.php:55
Stack trace:
#0 /Volumes/jfv1_a/workspace/laravel/safe-drive/vendor/composer/autoload_real.php(38): composerRequired1fd19f5680f8986225c3b9af25c5561('09f6b2065668336...', '/Volumes/jfv1_a...')
#1 /Volumes/jfv1_a/workspace/laravel/safe-drive/vendor/autoload.php(12): ComposerAutoloaderInitd1fd19f5680f8986225c3b9af25c5561::getLoader()
#2 Command line code(1): require_once('/Volumes/jfv1_a...')
#3 {main}
  thrown in /Volumes/jfv1_a/workspace/laravel/safe-drive/vendor/composer/autoload_real.php on line 55
[17-Oct-2022 23:02:37 UTC] PHP Warning:  require(/Volumes/jfv1_a/workspace/laravel/safe-drive/vendor/composer/../symfony/polyfill-uuid/bootstrap.php): Failed to open stream: No such file or directory in /Volumes/jfv1_a/workspace/laravel/safe-drive/vendor/composer/autoload_real.php on line 55
[17-Oct-2022 23:02:37 UTC] PHP Fatal error:  Uncaught Error: Failed opening required '/Volumes/jfv1_a/workspace/laravel/safe-drive/vendor/composer/../symfony/polyfill-uuid/bootstrap.php' (include_path='.:/usr/local/Cellar/php/8.1.11/share/php/pear') in /Volumes/jfv1_a/workspace/laravel/safe-drive/vendor/composer/autoload_real.php:55
Stack trace:
#0 /Volumes/jfv1_a/workspace/laravel/safe-drive/vendor/composer/autoload_real.php(38): composerRequired1fd19f5680f8986225c3b9af25c5561('09f6b2065668336...', '/Volumes/jfv1_a...')
#1 /Volumes/jfv1_a/workspace/laravel/safe-drive/vendor/autoload.php(12): ComposerAutoloaderInitd1fd19f5680f8986225c3b9af25c5561::getLoader()
#2 Command line code(1): require_once('/Volumes/jfv1_a...')
#3 {main}
  thrown in /Volumes/jfv1_a/workspace/laravel/safe-drive/vendor/composer/autoload_real.php on line 55
[17-Oct-2022 23:02:38 UTC] PHP Warning:  require(/Volumes/jfv1_a/workspace/laravel/safe-drive/vendor/composer/../symfony/polyfill-uuid/bootstrap.php): Failed to open stream: No such file or directory in /Volumes/jfv1_a/workspace/laravel/safe-drive/vendor/composer/autoload_real.php on line 55
[17-Oct-2022 23:02:38 UTC] PHP Fatal error:  Uncaught Error: Failed opening required '/Volumes/jfv1_a/workspace/laravel/safe-drive/vendor/composer/../symfony/polyfill-uuid/bootstrap.php' (include_path='.:/usr/local/Cellar/php/8.1.11/share/php/pear') in /Volumes/jfv1_a/workspace/laravel/safe-drive/vendor/composer/autoload_real.php:55
Stack trace:
#0 /Volumes/jfv1_a/workspace/laravel/safe-drive/vendor/composer/autoload_real.php(38): composerRequired1fd19f5680f8986225c3b9af25c5561('09f6b2065668336...', '/Volumes/jfv1_a...')
#1 /Volumes/jfv1_a/workspace/laravel/safe-drive/vendor/autoload.php(12): ComposerAutoloaderInitd1fd19f5680f8986225c3b9af25c5561::getLoader()
#2 Command line code(1): require_once('/Volumes/jfv1_a...')
#3 {main}
  thrown in /Volumes/jfv1_a/workspace/laravel/safe-drive/vendor/composer/autoload_real.php on line 55
[17-Oct-2022 23:02:39 UTC] PHP Warning:  require(/Volumes/jfv1_a/workspace/laravel/safe-drive/vendor/composer/../symfony/polyfill-uuid/bootstrap.php): Failed to open stream: No such file or directory in /Volumes/jfv1_a/workspace/laravel/safe-drive/vendor/composer/autoload_real.php on line 55
[17-Oct-2022 23:02:39 UTC] PHP Fatal error:  Uncaught Error: Failed opening required '/Volumes/jfv1_a/workspace/laravel/safe-drive/vendor/composer/../symfony/polyfill-uuid/bootstrap.php' (include_path='.:/usr/local/Cellar/php/8.1.11/share/php/pear') in /Volumes/jfv1_a/workspace/laravel/safe-drive/vendor/composer/autoload_real.php:55
Stack trace:
#0 /Volumes/jfv1_a/workspace/laravel/safe-drive/vendor/composer/autoload_real.php(38): composerRequired1fd19f5680f8986225c3b9af25c5561('09f6b2065668336...', '/Volumes/jfv1_a...')
#1 /Volumes/jfv1_a/workspace/laravel/safe-drive/vendor/autoload.php(12): ComposerAutoloaderInitd1fd19f5680f8986225c3b9af25c5561::getLoader()
#2 Command line code(1): require_once('/Volumes/jfv1_a...')
#3 {main}
  thrown in /Volumes/jfv1_a/workspace/laravel/safe-drive/vendor/composer/autoload_real.php on line 55
[17-Oct-2022 23:02:39 UTC] PHP Warning:  require(/Volumes/jfv1_a/workspace/laravel/safe-drive/vendor/composer/../symfony/polyfill-uuid/bootstrap.php): Failed to open stream: No such file or directory in /Volumes/jfv1_a/workspace/laravel/safe-drive/vendor/composer/autoload_real.php on line 55
[17-Oct-2022 23:02:39 UTC] PHP Fatal error:  Uncaught Error: Failed opening required '/Volumes/jfv1_a/workspace/laravel/safe-drive/vendor/composer/../symfony/polyfill-uuid/bootstrap.php' (include_path='.:/usr/local/Cellar/php/8.1.11/share/php/pear') in /Volumes/jfv1_a/workspace/laravel/safe-drive/vendor/composer/autoload_real.php:55
Stack trace:
#0 /Volumes/jfv1_a/workspace/laravel/safe-drive/vendor/composer/autoload_real.php(38): composerRequired1fd19f5680f8986225c3b9af25c5561('09f6b2065668336...', '/Volumes/jfv1_a...')
#1 /Volumes/jfv1_a/workspace/laravel/safe-drive/vendor/autoload.php(12): ComposerAutoloaderInitd1fd19f5680f8986225c3b9af25c5561::getLoader()
#2 Command line code(1): require_once('/Volumes/jfv1_a...')
#3 {main}
  thrown in /Volumes/jfv1_a/workspace/laravel/safe-drive/vendor/composer/autoload_real.php on line 55
[17-Oct-2022 23:39:14 UTC] PHP Fatal error:  Uncaught Error: Class "Tests\TestCase" not found in /Volumes/jfv1_a/workspace/laravel/safe-drive/tests/APIs/NotificationApiTest.php:14
Stack trace:
#0 {main}
  thrown in /Volumes/jfv1_a/workspace/laravel/safe-drive/tests/APIs/NotificationApiTest.php on line 14
